PLINK v2.0.0-a.6.9LM 64-bit Intel (29 Jan 2025)
Options in effect:
  --allow-extra-chr
  --autosome
  --make-bed
  --max-alleles 2
  --out genotypes
  --output-chr chr26
  --threads 6
  --vcf ../RNA.filt.vcf.gz

Hostname: DESKTOP-6AV0VS8
Working directory: /home/yer_kanat/Downloads/rnaseq/RNA_Seq/result/tensorqtl
Start time: Sat Jun  6 20:37:48 2026

Random number seed: 1780760268
13976 MiB RAM detected, ~13307 available; reserving 6988 MiB for main
workspace.
Using up to 6 compute threads.
--vcf: 2754 variants scanned.
--vcf: genotypes-temporary.pgen + genotypes-temporary.pvar.zst +
genotypes-temporary.psam written.
2 samples (0 females, 0 males, 2 ambiguous; 2 founders) loaded from
genotypes-temporary.psam.
2749 out of 2754 variants loaded from genotypes-temporary.pvar.zst.
Note: No phenotype data present.
2749 variants remaining after main filters.
Writing genotypes.fam ... done.
Writing genotypes.bim ... done.
Writing genotypes.bed ... done.

End time: Sat Jun  6 20:37:48 2026
